2024-05-20 11:34:59,692 INFO  [Log] open application successfully 
2024-05-20 11:35:00,672 INFO  [Log] login successfully 
2024-05-20 11:35:00,751 INFO  [Log] logout cmplted
2024-05-20 11:35:00,813 INFO  [Log] close application successfully 
2024-05-20 12:01:26,507 INFO  [Log] open application successfully 
2024-05-20 12:01:27,477 INFO  [Log] login successfully 
2024-05-20 12:01:27,556 INFO  [Log] logout cmplted 
2024-05-20 12:01:27,624 INFO  [Log] close application successfully 
2024-05-20 12:06:01,842 INFO  [Log] open application successfully 
2024-05-20 12:06:02,647 INFO  [Log] login successfully 
2024-05-20 12:06:02,730 INFO  [Log] logout cmplted 
2024-05-20 12:06:02,803 INFO  [Log] close application successfully 
2024-05-20 12:06:30,757 INFO  [Log] open application successfully 
2024-05-20 12:06:31,721 INFO  [Log] login successfully 
2024-05-20 12:06:31,799 INFO  [Log] logout cmplted 
2024-05-20 12:06:31,884 INFO  [Log] close application successfully 
2024-05-20 16:55:58,344 INFO  [Log] open application successfully 
2024-05-20 16:55:59,185 INFO  [Log] login successfully 
2024-05-20 16:55:59,249 INFO  [Log] logout cmplted 
2024-05-20 16:55:59,298 INFO  [Log] close application successfully 
2024-05-20 17:00:02,440 INFO  [Log] open application successfully 
2024-05-20 17:00:03,276 INFO  [Log] login successfully 
2024-05-20 17:00:03,338 INFO  [Log] logout cmplted 
2024-05-20 17:00:03,383 INFO  [Log] close application successfully 
2024-05-20 17:32:55,600 INFO  [Log] open application successfully 
2024-05-20 17:32:56,562 INFO  [Log] login successfully 
2024-05-20 17:32:56,634 INFO  [Log] logout cmplted 
2024-05-20 17:32:56,837 INFO  [Log] close application successfully 
2024-05-20 18:11:13,290 INFO  [Log] open application successfully 
2024-05-20 18:11:14,118 INFO  [Log] login successfully 
2024-05-20 18:11:14,198 INFO  [Log] logout cmplted 
2024-05-20 18:11:14,275 INFO  [Log] close application successfully 
2024-05-20 18:13:05,370 INFO  [Log] open application successfully 
2024-05-20 18:13:06,112 INFO  [Log] login successfully 
2024-05-20 18:13:06,172 INFO  [Log] logout cmplted 
2024-05-20 18:13:06,246 INFO  [Log] close application successfully 
